# JRE version: OpenJDK Runtime Environment (17.0.6) (build 17.0.6+0-b2043.56-9586694)
# Java VM: OpenJDK 64-Bit Server VM (17.0.6+0-b2043.56-9586694, mixed mode, tiered, compressed oops, compressed class ptrs, g1 gc, windows-amd64)
GC Precious Log:
 CPUs: 4 total, 4 available
 Memory: 8091M
 Large Page Support: Disabled
 NUMA Support: Disabled
 Compressed Oops: Enabled (32-bit)
 Heap Region Size: 1M
 Heap Min Capacity: 256M
 Heap Initial Capacity: 256M
 Heap Max Capacity: 1G
 Pre-touch: Disabled
 Parallel Workers: 4
 Concurrent Workers: 1
 Concurrent Refinement Workers: 4
 Periodic GC: Disabled
Heap:
 garbage-first heap   total 281600K, used 167936K [0x00000000c0000000, 0x0000000100000000)
  region size 1024K, 14 young (14336K), 8 survivors (8192K)
 Metaspace       used 95418K, committed 96512K, reserved 1138688K
  class space    used 13009K, committed 13440K, reserved 1048576K
GC Heap History (20 events):
Event: 8.953 GC heap before
{Heap before GC invocations=7 (full 0):
 garbage-first heap   total 262144K, used 41464K [0x00000000c0000000, 0x0000000100000000)
  region size 1024K, 22 young (22528K), 1 survivors (1024K)
 Metaspace       used 35828K, committed 36096K, reserved 1081344K
  class space    used 4744K, committed 4864K, reserved 1048576K
}
Event: 8.960 GC heap after
{Heap after GC invocations=8 (full 0):
 garbage-first heap   total 262144K, used 22731K [0x00000000c0000000, 0x0000000100000000)
  region size 1024K, 3 young (3072K), 3 survivors (3072K)
 Metaspace       used 35828K, committed 36096K, reserved 1081344K
  class space    used 4744K, committed 4864K, reserved 1048576K
}
Event: 15.195 GC heap before
{Heap before GC invocations=9 (full 0):
 garbage-first heap   total 262144K, used 179403K [0x00000000c0000000, 0x0000000100000000)
  region size 1024K, 153 young (156672K), 3 survivors (3072K)
 Metaspace       used 50367K, committed 50816K, reserved 1097728K
  class space    used 6595K, committed 6784K, reserved 1048576K
}
Event: 15.219 GC heap after
{Heap after GC invocations=10 (full 0):
 garbage-first heap   total 262144K, used 34104K [0x00000000c0000000, 0x0000000100000000)
  region size 1024K, 14 young (14336K), 14 survivors (14336K)
 Metaspace       used 50367K, committed 50816K, reserved 1097728K
  class space    used 6595K, committed 6784K, reserved 1048576K
}
Event: 21.301 GC heap before
{Heap before GC invocations=11 (full 0):
 garbage-first heap   total 262144K, used 190776K [0x00000000c0000000, 0x0000000100000000)
  region size 1024K, 153 young (156672K), 14 survivors (14336K)
 Metaspace       used 65962K, committed 66496K, reserved 1114112K
  class space    used 8587K, committed 8832K, reserved 1048576K
}
Event: 21.333 GC heap after
{Heap after GC invocations=12 (full 0):
 garbage-first heap   total 262144K, used 57215K [0x00000000c0000000, 0x0000000100000000)
  region size 1024K, 16 young (16384K), 16 survivors (16384K)
 Metaspace       used 65962K, committed 66496K, reserved 1114112K
  class space    used 8587K, committed 8832K, reserved 1048576K
}
Event: 26.196 GC heap before
{Heap before GC invocations=12 (full 0):
 garbage-first heap   total 262144K, used 192383K [0x00000000c0000000, 0x0000000100000000)
  region size 1024K, 147 young (150528K), 16 survivors (16384K)
 Metaspace       used 71134K, committed 71744K, reserved 1114112K
  class space    used 9350K, committed 9600K, reserved 1048576K
}
Event: 26.221 GC heap after
{Heap after GC invocations=13 (full 0):
 garbage-first heap   total 262144K, used 65948K [0x00000000c0000000, 0x0000000100000000)
  region size 1024K, 9 young (9216K), 9 survivors (9216K)
 Metaspace       used 71134K, committed 71744K, reserved 1114112K
  class space    used 9350K, committed 9600K, reserved 1048576K
}
Event: 31.931 GC heap before
{Heap before GC invocations=13 (full 0):
 garbage-first heap   total 262144K, used 199068K [0x00000000c0000000, 0x0000000100000000)
  region size 1024K, 139 young (142336K), 9 survivors (9216K)
 Metaspace       used 80207K, committed 80896K, reserved 1122304K
  class space    used 10852K, committed 11200K, reserved 1048576K
}
Event: 31.958 GC heap after
{Heap after GC invocations=14 (full 0):
 garbage-first heap   total 262144K, used 77824K [0x00000000c0000000, 0x0000000100000000)
  region size 1024K, 18 young (18432K), 18 survivors (18432K)
 Metaspace       used 80207K, committed 80896K, reserved 1122304K
  class space    used 10852K, committed 11200K, reserved 1048576K
}
Event: 45.324 GC heap before
{Heap before GC invocations=14 (full 0):
 garbage-first heap   total 262144K, used 212992K [0x00000000c0000000, 0x0000000100000000)
  region size 1024K, 142 young (145408K), 18 survivors (18432K)
 Metaspace       used 82919K, committed 83648K, reserved 1122304K
  class space    used 11207K, committed 11520K, reserved 1048576K
}
Event: 45.397 GC heap after
{Heap after GC invocations=15 (full 0):
 garbage-first heap   total 262144K, used 109347K [0x00000000c0000000, 0x0000000100000000)
  region size 1024K, 18 young (18432K), 18 survivors (18432K)
 Metaspace       used 82919K, committed 83648K, reserved 1122304K
  class space    used 11207K, committed 11520K, reserved 1048576K
}
Event: 50.669 GC heap before
{Heap before GC invocations=15 (full 0):
 garbage-first heap   total 262144K, used 192291K [0x00000000c0000000, 0x0000000100000000)
  region size 1024K, 101 young (103424K), 18 survivors (18432K)
 Metaspace       used 83841K, committed 84736K, reserved 1122304K
  class space    used 11323K, committed 11712K, reserved 1048576K
}
Event: 50.720 GC heap after
{Heap after GC invocations=16 (full 0):
 garbage-first heap   total 262144K, used 124928K [0x00000000c0000000, 0x0000000100000000)
  region size 1024K, 14 young (14336K), 14 survivors (14336K)
 Metaspace       used 83841K, committed 84736K, reserved 1122304K
  class space    used 11323K, committed 11712K, reserved 1048576K
}
Event: 53.394 GC heap before
{Heap before GC invocations=17 (full 0):
 garbage-first heap   total 262144K, used 203776K [0x00000000c0000000, 0x0000000100000000)
  region size 1024K, 91 young (93184K), 14 survivors (14336K)
 Metaspace       used 91384K, committed 92416K, reserved 1130496K
  class space    used 12421K, committed 12864K, reserved 1048576K
}
Event: 53.432 GC heap after
{Heap after GC invocations=18 (full 0):
 garbage-first heap   total 262144K, used 136192K [0x00000000c0000000, 0x0000000100000000)
  region size 1024K, 11 young (11264K), 11 survivors (11264K)
 Metaspace       used 91384K, committed 92416K, reserved 1130496K
  class space    used 12421K, committed 12864K, reserved 1048576K
}
Event: 55.618 GC heap before
{Heap before GC invocations=19 (full 0):
 garbage-first heap   total 262144K, used 206848K [0x00000000c0000000, 0x0000000100000000)
  region size 1024K, 80 young (81920K), 11 survivors (11264K)
 Metaspace       used 93158K, committed 94144K, reserved 1130496K
  class space    used 12632K, committed 13056K, reserved 1048576K
}
Event: 55.663 GC heap after
{Heap after GC invocations=20 (full 0):
 garbage-first heap   total 262144K, used 154112K [0x00000000c0000000, 0x0000000100000000)
  region size 1024K, 10 young (10240K), 10 survivors (10240K)
 Metaspace       used 93158K, committed 94144K, reserved 1130496K
  class space    used 12632K, committed 13056K, reserved 1048576K
}
Event: 57.387 GC heap before
{Heap before GC invocations=20 (full 0):
 garbage-first heap   total 262144K, used 205312K [0x00000000c0000000, 0x0000000100000000)
  region size 1024K, 60 young (61440K), 10 survivors (10240K)
 Metaspace       used 94917K, committed 96000K, reserved 1138688K
  class space    used 12917K, committed 13376K, reserved 1048576K
}
Event: 57.417 GC heap after
{Heap after GC invocations=21 (full 0):
 garbage-first heap   total 262144K, used 162816K [0x00000000c0000000, 0x0000000100000000)
  region size 1024K, 8 young (8192K), 8 survivors (8192K)
 Metaspace       used 94917K, committed 96000K, reserved 1138688K
  class space    used 12917K, committed 13376K, reserved 1048576K
}

